app/build/intermediates/manifest_merge_blame_file/debug/processDebugMainManifest/manifest-merger-blame-debug-report.txt
1<?xml version="1.0" encoding="utf-8"?>
2<manifest xmlns:android="http://schemas.android.com/apk/res/android"
3    package="com.androhunter.app"
4    android:versionCode="1"
5    android:versionName="1.0" >
6
7    <uses-sdk
8        android:minSdkVersion="29"
9        android:targetSdkVersion="35" />
10
11    <uses-permission android:name="android.permission.INTERNET" />
11-->src/main/AndroidManifest.xml:4:5-66
11-->src/main/AndroidManifest.xml:4:22-64
12    <uses-permission android:name="android.permission.QUERY_ALL_PACKAGES" />
12-->src/main/AndroidManifest.xml:5:5-76
12-->src/main/AndroidManifest.xml:5:22-74
13    <uses-permission android:name="android.permission.READ_EXTERNAL_STORAGE" />
13-->src/main/AndroidManifest.xml:6:5-79
13-->src/main/AndroidManifest.xml:6:22-77
14    <uses-permission android:name="android.permission.WRITE_EXTERNAL_STORAGE" />
14-->src/main/AndroidManifest.xml:7:5-80
14-->src/main/AndroidManifest.xml:7:22-78
15    <uses-permission android:name="android.permission.SYSTEM_ALERT_WINDOW" />
15-->src/main/AndroidManifest.xml:8:5-77
15-->src/main/AndroidManifest.xml:8:22-75
16    <uses-permission android:name="android.permission.BIND_ACCESSIBILITY_SERVICE" />
16-->src/main/AndroidManifest.xml:9:5-84
16-->src/main/AndroidManifest.xml:9:22-82
17    <uses-permission android:name="android.permission.BIND_NOTIFICATION_LISTENER_SERVICE" />
17-->src/main/AndroidManifest.xml:10:5-92
17-->src/main/AndroidManifest.xml:10:22-90
18    <uses-permission android:name="android.permission.POST_NOTIFICATIONS" />
18-->src/main/AndroidManifest.xml:11:5-76
18-->src/main/AndroidManifest.xml:11:22-74
19    <uses-permission android:name="android.permission.RECEIVE_BOOT_COMPLETED" />
19-->src/main/AndroidManifest.xml:12:5-80
19-->src/main/AndroidManifest.xml:12:22-78
20
21    <permission
21-->[androidx.core:core:1.15.0] AndroidManifest.xml:22:5-24:47
22        android:name="com.androhunter.app.DYNAMIC_RECEIVER_NOT_EXPORTED_PERMISSION"
22-->[androidx.core:core:1.15.0] AndroidManifest.xml:23:9-81
23        android:protectionLevel="signature" />
23-->[androidx.core:core:1.15.0] AndroidManifest.xml:24:9-44
24
25    <uses-permission android:name="com.androhunter.app.DYNAMIC_RECEIVER_NOT_EXPORTED_PERMISSION" />
25-->[androidx.core:core:1.15.0] AndroidManifest.xml:26:5-97
25-->[androidx.core:core:1.15.0] AndroidManifest.xml:26:22-94
26
27    <application
27-->src/main/AndroidManifest.xml:14:5-56:19
28        android:name="com.androhunter.app.AndroHunterApp"
28-->src/main/AndroidManifest.xml:17:9-39
29        android:allowBackup="true"
29-->src/main/AndroidManifest.xml:20:9-35
30        android:appComponentFactory="androidx.core.app.CoreComponentFactory"
30-->[androidx.core:core:1.15.0] AndroidManifest.xml:28:18-86
31        android:debuggable="true"
32        android:extractNativeLibs="false"
33        android:icon="@mipmap/ic_launcher"
33-->src/main/AndroidManifest.xml:15:9-43
34        android:label="AndroHunter"
34-->src/main/AndroidManifest.xml:18:9-36
35        android:roundIcon="@mipmap/ic_launcher_round"
35-->src/main/AndroidManifest.xml:16:9-54
36        android:supportsRtl="true"
36-->src/main/AndroidManifest.xml:21:9-35
37        android:theme="@style/Theme.AndroHunter" >
37-->src/main/AndroidManifest.xml:19:9-49
38        <activity
38-->src/main/AndroidManifest.xml:23:9-32:20
39            android:name="com.androhunter.app.MainActivity"
39-->src/main/AndroidManifest.xml:24:13-41
40            android:exported="true"
40-->src/main/AndroidManifest.xml:25:13-36
41            android:launchMode="singleTask"
41-->src/main/AndroidManifest.xml:27:13-44
42            android:taskAffinity="com.androhunter.app" >
42-->src/main/AndroidManifest.xml:26:13-55
43            <intent-filter>
43-->src/main/AndroidManifest.xml:28:13-31:29
44                <action android:name="android.intent.action.MAIN" />
44-->src/main/AndroidManifest.xml:29:17-68
44-->src/main/AndroidManifest.xml:29:25-66
45
46                <category android:name="android.intent.category.LAUNCHER" />
46-->src/main/AndroidManifest.xml:30:17-76
46-->src/main/AndroidManifest.xml:30:27-74
47            </intent-filter>
48        </activity>
49
50        <!-- Broadcast Monitor Receiver -->
51        <receiver
51-->src/main/AndroidManifest.xml:35:9-41:20
52            android:name="com.androhunter.app.monitor.BroadcastMonitorReceiver"
52-->src/main/AndroidManifest.xml:36:13-61
53            android:exported="true" >
53-->src/main/AndroidManifest.xml:37:13-36
54            <intent-filter>
54-->src/main/AndroidManifest.xml:38:13-40:29
55                <action android:name="android.intent.action.BOOT_COMPLETED" />
55-->src/main/AndroidManifest.xml:39:17-78
55-->src/main/AndroidManifest.xml:39:25-76
56            </intent-filter>
57        </receiver>
58
59        <!-- Accessibility Service -->
60        <service
60-->src/main/AndroidManifest.xml:44:9-54:19
61            android:name="com.androhunter.app.monitor.AccessibilityMonitorService"
61-->src/main/AndroidManifest.xml:45:13-64
62            android:exported="true"
62-->src/main/AndroidManifest.xml:46:13-36
63            android:permission="android.permission.BIND_ACCESSIBILITY_SERVICE" >
63-->src/main/AndroidManifest.xml:47:13-79
64            <intent-filter>
64-->src/main/AndroidManifest.xml:48:13-50:29
65                <action android:name="android.accessibilityservice.AccessibilityService" />
65-->src/main/AndroidManifest.xml:49:17-91
65-->src/main/AndroidManifest.xml:49:25-89
66            </intent-filter>
67
68            <meta-data
68-->src/main/AndroidManifest.xml:51:13-53:71
69                android:name="android.accessibilityservice"
69-->src/main/AndroidManifest.xml:52:17-60
70                android:resource="@xml/accessibility_service_config" />
70-->src/main/AndroidManifest.xml:53:17-69
71        </service>
72
73        <provider
73-->[androidx.emoji2:emoji2:1.3.0] AndroidManifest.xml:24:9-32:20
74            android:name="androidx.startup.InitializationProvider"
74-->[androidx.emoji2:emoji2:1.3.0] AndroidManifest.xml:25:13-67
75            android:authorities="com.androhunter.app.androidx-startup"
75-->[androidx.emoji2:emoji2:1.3.0] AndroidManifest.xml:26:13-68
76            android:exported="false" >
76-->[androidx.emoji2:emoji2:1.3.0] AndroidManifest.xml:27:13-37
77            <meta-data
77-->[androidx.emoji2:emoji2:1.3.0] AndroidManifest.xml:29:13-31:52
78                android:name="androidx.emoji2.text.EmojiCompatInitializer"
78-->[androidx.emoji2:emoji2:1.3.0] AndroidManifest.xml:30:17-75
79                android:value="androidx.startup" />
79-->[androidx.emoji2:emoji2:1.3.0] AndroidManifest.xml:31:17-49
80            <meta-data
80-->[androidx.lifecycle:lifecycle-process:2.8.7] AndroidManifest.xml:29:13-31:52
81                android:name="androidx.lifecycle.ProcessLifecycleInitializer"
81-->[androidx.lifecycle:lifecycle-process:2.8.7] AndroidManifest.xml:30:17-78
82                android:value="androidx.startup" />
82-->[androidx.lifecycle:lifecycle-process:2.8.7] AndroidManifest.xml:31:17-49
83            <meta-data
83-->[androidx.profileinstaller:profileinstaller:1.3.1] AndroidManifest.xml:29:13-31:52
84                android:name="androidx.profileinstaller.ProfileInstallerInitializer"
84-->[androidx.profileinstaller:profileinstaller:1.3.1] AndroidManifest.xml:30:17-85
85                android:value="androidx.startup" />
85-->[androidx.profileinstaller:profileinstaller:1.3.1] AndroidManifest.xml:31:17-49
86        </provider>
87
88        <activity
88-->[androidx.compose.ui:ui-tooling-android:1.7.6] AndroidManifest.xml:23:9-25:39
89            android:name="androidx.compose.ui.tooling.PreviewActivity"
89-->[androidx.compose.ui:ui-tooling-android:1.7.6] AndroidManifest.xml:24:13-71
90            android:exported="true" />
90-->[androidx.compose.ui:ui-tooling-android:1.7.6] AndroidManifest.xml:25:13-36
91
92        <service
92-->[androidx.room:room-runtime:2.6.1] AndroidManifest.xml:24:9-28:63
93            android:name="androidx.room.MultiInstanceInvalidationService"
93-->[androidx.room:room-runtime:2.6.1] AndroidManifest.xml:25:13-74
94            android:directBootAware="true"
94-->[androidx.room:room-runtime:2.6.1] AndroidManifest.xml:26:13-43
95            android:exported="false" />
95-->[androidx.room:room-runtime:2.6.1] AndroidManifest.xml:27:13-37
96
97        <receiver
97-->[androidx.profileinstaller:profileinstaller:1.3.1] AndroidManifest.xml:34:9-52:20
98            android:name="androidx.profileinstaller.ProfileInstallReceiver"
98-->[androidx.profileinstaller:profileinstaller:1.3.1] AndroidManifest.xml:35:13-76
99            android:directBootAware="false"
99-->[androidx.profileinstaller:profileinstaller:1.3.1] AndroidManifest.xml:36:13-44
100            android:enabled="true"
100-->[androidx.profileinstaller:profileinstaller:1.3.1] AndroidManifest.xml:37:13-35
101            android:exported="true"
101-->[androidx.profileinstaller:profileinstaller:1.3.1] AndroidManifest.xml:38:13-36
102            android:permission="android.permission.DUMP" >
102-->[androidx.profileinstaller:profileinstaller:1.3.1] AndroidManifest.xml:39:13-57
103            <intent-filter>
103-->[androidx.profileinstaller:profileinstaller:1.3.1] AndroidManifest.xml:40:13-42:29
104                <action android:name="androidx.profileinstaller.action.INSTALL_PROFILE" />
104-->[androidx.profileinstaller:profileinstaller:1.3.1] AndroidManifest.xml:41:17-91
104-->[androidx.profileinstaller:profileinstaller:1.3.1] AndroidManifest.xml:41:25-88
105            </intent-filter>
106            <intent-filter>
106-->[androidx.profileinstaller:profileinstaller:1.3.1] AndroidManifest.xml:43:13-45:29
107                <action android:name="androidx.profileinstaller.action.SKIP_FILE" />
107-->[androidx.profileinstaller:profileinstaller:1.3.1] AndroidManifest.xml:44:17-85
107-->[androidx.profileinstaller:profileinstaller:1.3.1] AndroidManifest.xml:44:25-82
108            </intent-filter>
109            <intent-filter>
109-->[androidx.profileinstaller:profileinstaller:1.3.1] AndroidManifest.xml:46:13-48:29
110                <action android:name="androidx.profileinstaller.action.SAVE_PROFILE" />
110-->[androidx.profileinstaller:profileinstaller:1.3.1] AndroidManifest.xml:47:17-88
110-->[androidx.profileinstaller:profileinstaller:1.3.1] AndroidManifest.xml:47:25-85
111            </intent-filter>
112            <intent-filter>
112-->[androidx.profileinstaller:profileinstaller:1.3.1] AndroidManifest.xml:49:13-51:29
113                <action android:name="androidx.profileinstaller.action.BENCHMARK_OPERATION" />
113-->[androidx.profileinstaller:profileinstaller:1.3.1] AndroidManifest.xml:50:17-95
113-->[androidx.profileinstaller:profileinstaller:1.3.1] AndroidManifest.xml:50:25-92
114            </intent-filter>
115        </receiver>
116    </application>
117
118</manifest>